<?xml version="1.0" encoding="UTF-8"?>
<!-- Generated by org.testng.reporters.JUnitXMLReporter -->
<testsuite hostname="sudhir" ignored="0" name="Test" tests="6" failures="0" timestamp="06 Sep 2022 11:07:38 GMT" time="59.538" errors="0">
  <testcase name="searchMovieInIMDB" time="15.473" classname="com.testvagrant.QaTask"/>
  <testcase name="getReleaseDateIMDB" time="0.128" classname="com.testvagrant.QaTask"/>
  <testcase name="getCountryOfOriginIMDB" time="0.042" classname="com.testvagrant.QaTask"/>
  <testcase name="searchMovieInWikipedia" time="11.942" classname="com.testvagrant.QaTask"/>
  <testcase name="getReleaseInfoWikipedia" time="0.048" classname="com.testvagrant.QaTask"/>
  <testcase name="getCountryOriginWikipedia" time="0.041" classname="com.testvagrant.QaTask"/>
</testsuite> <!-- Test -->
