<?xml version="1.0" encoding="UTF-8"?>
<!-- Generated by org.testng.reporters.JUnitXMLReporter -->
<testsuite hostname="sudhir" ignored="0" name="MovieReleaseDateAndCountryOrigin" tests="6" failures="0" timestamp="07 Sep 2022 00:28:08 GMT" time="61.52" errors="0">
  <testcase name="searchMovieInIMDB" time="20.775" classname="com.testvagrant.QaTask"/>
  <testcase name="getReleaseDateIMDB" time="0.306" classname="com.testvagrant.QaTask"/>
  <testcase name="getCountryOfOriginIMDB" time="0.041" classname="com.testvagrant.QaTask"/>
  <testcase name="searchMovieInWikipedia" time="20.531" classname="com.testvagrant.QaTask"/>
  <testcase name="getReleaseInfoWikipedia" time="0.04" classname="com.testvagrant.QaTask"/>
  <testcase name="getCountryOriginWikipedia" time="0.034" classname="com.testvagrant.QaTask"/>
</testsuite> <!-- MovieReleaseDateAndCountryOrigin -->
